~$ python3 main.py --batch-size 32 --test-batch-size 32 --epochs 5 --no-cuda --save-model
Train Epoch: 1 [0/60000 (0%)]   Loss: 2.301286
Train Epoch: 1 [320/60000 (1%)] Loss: 2.246368
Train Epoch: 1 [640/60000 (1%)] Loss: 2.143235
Train Epoch: 1 [960/60000 (2%)] Loss: 2.020995
Train Epoch: 1 [1280/60000 (2%)]        Loss: 1.889598
Train Epoch: 1 [1600/60000 (3%)]        Loss: 1.387788
Train Epoch: 1 [1920/60000 (3%)]        Loss: 1.103806
Train Epoch: 1 [2240/60000 (4%)]        Loss: 0.734591
Train Epoch: 1 [2560/60000 (4%)]        Loss: 0.887784
Train Epoch: 1 [2880/60000 (5%)]        Loss: 0.555537
Train Epoch: 1 [3200/60000 (5%)]        Loss: 0.640890
Train Epoch: 1 [3520/60000 (6%)]        Loss: 0.436231
Train Epoch: 1 [3840/60000 (6%)]        Loss: 0.505525
Train Epoch: 1 [4160/60000 (7%)]        Loss: 0.613080
Train Epoch: 1 [4480/60000 (7%)]        Loss: 0.407969
Train Epoch: 1 [4800/60000 (8%)]        Loss: 0.554477
Train Epoch: 1 [5120/60000 (9%)]        Loss: 0.142775
Train Epoch: 1 [5440/60000 (9%)]        Loss: 0.347945
Train Epoch: 1 [5760/60000 (10%)]       Loss: 0.205461
Train Epoch: 1 [6080/60000 (10%)]       Loss: 0.593422
Train Epoch: 1 [6400/60000 (11%)]       Loss: 0.153975
Train Epoch: 1 [6720/60000 (11%)]       Loss: 0.543771
Train Epoch: 1 [7040/60000 (12%)]       Loss: 0.213030
Train Epoch: 1 [7360/60000 (12%)]       Loss: 0.397992
Train Epoch: 1 [7680/60000 (13%)]       Loss: 0.326158
Train Epoch: 1 [8000/60000 (13%)]       Loss: 0.321235
Train Epoch: 1 [8320/60000 (14%)]       Loss: 0.325893
Train Epoch: 1 [8640/60000 (14%)]       Loss: 0.495250
Train Epoch: 1 [8960/60000 (15%)]       Loss: 0.211187
Train Epoch: 1 [9280/60000 (15%)]       Loss: 0.195881
Train Epoch: 1 [9600/60000 (16%)]       Loss: 0.173007
Train Epoch: 1 [9920/60000 (17%)]       Loss: 0.304892
Train Epoch: 1 [10240/60000 (17%)]      Loss: 0.237774
Train Epoch: 1 [10560/60000 (18%)]      Loss: 0.150564
Train Epoch: 1 [10880/60000 (18%)]      Loss: 0.720829
Train Epoch: 1 [11200/60000 (19%)]      Loss: 0.229924
Train Epoch: 1 [11520/60000 (19%)]      Loss: 0.377508
Train Epoch: 1 [11840/60000 (20%)]      Loss: 0.337004
Train Epoch: 1 [12160/60000 (20%)]      Loss: 0.196362
Train Epoch: 1 [12480/60000 (21%)]      Loss: 0.275782
Train Epoch: 1 [12800/60000 (21%)]      Loss: 0.400586
Train Epoch: 1 [13120/60000 (22%)]      Loss: 0.075003
Train Epoch: 1 [13440/60000 (22%)]      Loss: 0.239021
Train Epoch: 1 [13760/60000 (23%)]      Loss: 0.169118
Train Epoch: 1 [14080/60000 (23%)]      Loss: 0.331160
Train Epoch: 1 [14400/60000 (24%)]      Loss: 0.074697
Train Epoch: 1 [14720/60000 (25%)]      Loss: 0.158393
Train Epoch: 1 [15040/60000 (25%)]      Loss: 0.033685
Train Epoch: 1 [15360/60000 (26%)]      Loss: 0.102878
Train Epoch: 1 [15680/60000 (26%)]      Loss: 0.117202
Train Epoch: 1 [16000/60000 (27%)]      Loss: 0.207891
Train Epoch: 1 [16320/60000 (27%)]      Loss: 0.075143
Train Epoch: 1 [16640/60000 (28%)]      Loss: 0.313712
Train Epoch: 1 [16960/60000 (28%)]      Loss: 0.063476
Train Epoch: 1 [17280/60000 (29%)]      Loss: 0.092228
Train Epoch: 1 [17600/60000 (29%)]      Loss: 0.284737
Train Epoch: 1 [17920/60000 (30%)]      Loss: 0.100569
Train Epoch: 1 [18240/60000 (30%)]      Loss: 0.146738
Train Epoch: 1 [18560/60000 (31%)]      Loss: 0.331108
Train Epoch: 1 [18880/60000 (31%)]      Loss: 0.225645
Train Epoch: 1 [19200/60000 (32%)]      Loss: 0.204159
Train Epoch: 1 [19520/60000 (33%)]      Loss: 0.086468
Train Epoch: 1 [19840/60000 (33%)]      Loss: 0.047061
Train Epoch: 1 [20160/60000 (34%)]      Loss: 0.184085
Train Epoch: 1 [20480/60000 (34%)]      Loss: 0.152743
Train Epoch: 1 [20800/60000 (35%)]      Loss: 0.222006
Train Epoch: 1 [21120/60000 (35%)]      Loss: 0.085996
Train Epoch: 1 [21440/60000 (36%)]      Loss: 0.148731
Train Epoch: 1 [21760/60000 (36%)]      Loss: 0.193387
Train Epoch: 1 [22080/60000 (37%)]      Loss: 0.279740
Train Epoch: 1 [22400/60000 (37%)]      Loss: 0.116743
Train Epoch: 1 [22720/60000 (38%)]      Loss: 0.106100
Train Epoch: 1 [23040/60000 (38%)]      Loss: 0.170764
Train Epoch: 1 [23360/60000 (39%)]      Loss: 0.080989
Train Epoch: 1 [23680/60000 (39%)]      Loss: 0.420880
Train Epoch: 1 [24000/60000 (40%)]      Loss: 0.098037
Train Epoch: 1 [24320/60000 (41%)]      Loss: 0.206719
Train Epoch: 1 [24640/60000 (41%)]      Loss: 0.165983
Train Epoch: 1 [24960/60000 (42%)]      Loss: 0.108243
Train Epoch: 1 [25280/60000 (42%)]      Loss: 0.061211
Train Epoch: 1 [25600/60000 (43%)]      Loss: 0.213620
Train Epoch: 1 [25920/60000 (43%)]      Loss: 0.066046
Train Epoch: 1 [26240/60000 (44%)]      Loss: 0.092191
Train Epoch: 1 [26560/60000 (44%)]      Loss: 0.182606
Train Epoch: 1 [26880/60000 (45%)]      Loss: 0.063365
Train Epoch: 1 [27200/60000 (45%)]      Loss: 0.143948
Train Epoch: 1 [27520/60000 (46%)]      Loss: 0.175618
Train Epoch: 1 [27840/60000 (46%)]      Loss: 0.087547
Train Epoch: 1 [28160/60000 (47%)]      Loss: 0.061259
Train Epoch: 1 [28480/60000 (47%)]      Loss: 0.016356
Train Epoch: 1 [28800/60000 (48%)]      Loss: 0.052734
Train Epoch: 1 [29120/60000 (49%)]      Loss: 0.169586
Train Epoch: 1 [29440/60000 (49%)]      Loss: 0.313572
Train Epoch: 1 [29760/60000 (50%)]      Loss: 0.201299
Train Epoch: 1 [30080/60000 (50%)]      Loss: 0.056633
Train Epoch: 1 [30400/60000 (51%)]      Loss: 0.134385
Train Epoch: 1 [30720/60000 (51%)]      Loss: 0.051995
Train Epoch: 1 [31040/60000 (52%)]      Loss: 0.277877
Train Epoch: 1 [31360/60000 (52%)]      Loss: 0.224951
Train Epoch: 1 [31680/60000 (53%)]      Loss: 0.085352
Train Epoch: 1 [32000/60000 (53%)]      Loss: 0.267801
Train Epoch: 1 [32320/60000 (54%)]      Loss: 0.561900
Train Epoch: 1 [32640/60000 (54%)]      Loss: 0.081442
Train Epoch: 1 [32960/60000 (55%)]      Loss: 0.144038
Train Epoch: 1 [33280/60000 (55%)]      Loss: 0.036166
Train Epoch: 1 [33600/60000 (56%)]      Loss: 0.188865
Train Epoch: 1 [33920/60000 (57%)]      Loss: 0.045316
Train Epoch: 1 [34240/60000 (57%)]      Loss: 0.082797
Train Epoch: 1 [34560/60000 (58%)]      Loss: 0.164712
Train Epoch: 1 [34880/60000 (58%)]      Loss: 0.088979
Train Epoch: 1 [35200/60000 (59%)]      Loss: 0.182094
Train Epoch: 1 [35520/60000 (59%)]      Loss: 0.241240
Train Epoch: 1 [35840/60000 (60%)]      Loss: 0.020159
Train Epoch: 1 [36160/60000 (60%)]      Loss: 0.032425
Train Epoch: 1 [36480/60000 (61%)]      Loss: 0.048392
Train Epoch: 1 [36800/60000 (61%)]      Loss: 0.100047
Train Epoch: 1 [37120/60000 (62%)]      Loss: 0.211209
Train Epoch: 1 [37440/60000 (62%)]      Loss: 0.075344
Train Epoch: 1 [37760/60000 (63%)]      Loss: 0.299903
Train Epoch: 1 [38080/60000 (63%)]      Loss: 0.103494
Train Epoch: 1 [38400/60000 (64%)]      Loss: 0.008486
Train Epoch: 1 [38720/60000 (65%)]      Loss: 0.106310
Train Epoch: 1 [39040/60000 (65%)]      Loss: 0.025900
Train Epoch: 1 [39360/60000 (66%)]      Loss: 0.068763
Train Epoch: 1 [39680/60000 (66%)]      Loss: 0.104653
Train Epoch: 1 [40000/60000 (67%)]      Loss: 0.010988
Train Epoch: 1 [40320/60000 (67%)]      Loss: 0.061451
Train Epoch: 1 [40640/60000 (68%)]      Loss: 0.144593
Train Epoch: 1 [40960/60000 (68%)]      Loss: 0.265926
Train Epoch: 1 [41280/60000 (69%)]      Loss: 0.030561
Train Epoch: 1 [41600/60000 (69%)]      Loss: 0.287682
Train Epoch: 1 [41920/60000 (70%)]      Loss: 0.080335
Train Epoch: 1 [42240/60000 (70%)]      Loss: 0.020841
Train Epoch: 1 [42560/60000 (71%)]      Loss: 0.077160
Train Epoch: 1 [42880/60000 (71%)]      Loss: 0.121762
Train Epoch: 1 [43200/60000 (72%)]      Loss: 0.057580
Train Epoch: 1 [43520/60000 (73%)]      Loss: 0.248721
Train Epoch: 1 [43840/60000 (73%)]      Loss: 0.007655
Train Epoch: 1 [44160/60000 (74%)]      Loss: 0.158938
Train Epoch: 1 [44480/60000 (74%)]      Loss: 0.065238
Train Epoch: 1 [44800/60000 (75%)]      Loss: 0.035495
Train Epoch: 1 [45120/60000 (75%)]      Loss: 0.088065
Train Epoch: 1 [45440/60000 (76%)]      Loss: 0.047130
Train Epoch: 1 [45760/60000 (76%)]      Loss: 0.018164
Train Epoch: 1 [46080/60000 (77%)]      Loss: 0.024714
Train Epoch: 1 [46400/60000 (77%)]      Loss: 0.051610
Train Epoch: 1 [46720/60000 (78%)]      Loss: 0.307203
Train Epoch: 1 [47040/60000 (78%)]      Loss: 0.093720
Train Epoch: 1 [47360/60000 (79%)]      Loss: 0.043874
Train Epoch: 1 [47680/60000 (79%)]      Loss: 0.025772
Train Epoch: 1 [48000/60000 (80%)]      Loss: 0.193883
Train Epoch: 1 [48320/60000 (81%)]      Loss: 0.032394
Train Epoch: 1 [48640/60000 (81%)]      Loss: 0.022418
Train Epoch: 1 [48960/60000 (82%)]      Loss: 0.024452
Train Epoch: 1 [49280/60000 (82%)]      Loss: 0.177053
Train Epoch: 1 [49600/60000 (83%)]      Loss: 0.035387
Train Epoch: 1 [49920/60000 (83%)]      Loss: 0.123347
Train Epoch: 1 [50240/60000 (84%)]      Loss: 0.154724
Train Epoch: 1 [50560/60000 (84%)]      Loss: 0.035158
Train Epoch: 1 [50880/60000 (85%)]      Loss: 0.080341
Train Epoch: 1 [51200/60000 (85%)]      Loss: 0.043381
Train Epoch: 1 [51520/60000 (86%)]      Loss: 0.039081
Train Epoch: 1 [51840/60000 (86%)]      Loss: 0.008382
Train Epoch: 1 [52160/60000 (87%)]      Loss: 0.311556
Train Epoch: 1 [52480/60000 (87%)]      Loss: 0.012775
Train Epoch: 1 [52800/60000 (88%)]      Loss: 0.018545
Train Epoch: 1 [53120/60000 (89%)]      Loss: 0.019326
Train Epoch: 1 [53440/60000 (89%)]      Loss: 0.009615
Train Epoch: 1 [53760/60000 (90%)]      Loss: 0.031633
Train Epoch: 1 [54080/60000 (90%)]      Loss: 0.128210
Train Epoch: 1 [54400/60000 (91%)]      Loss: 0.045453
Train Epoch: 1 [54720/60000 (91%)]      Loss: 0.004283
Train Epoch: 1 [55040/60000 (92%)]      Loss: 0.068657
Train Epoch: 1 [55360/60000 (92%)]      Loss: 0.046461
Train Epoch: 1 [55680/60000 (93%)]      Loss: 0.014736
Train Epoch: 1 [56000/60000 (93%)]      Loss: 0.007575
Train Epoch: 1 [56320/60000 (94%)]      Loss: 0.016895
Train Epoch: 1 [56640/60000 (94%)]      Loss: 0.027690
Train Epoch: 1 [56960/60000 (95%)]      Loss: 0.020944
Train Epoch: 1 [57280/60000 (95%)]      Loss: 0.070543
Train Epoch: 1 [57600/60000 (96%)]      Loss: 0.250119
Train Epoch: 1 [57920/60000 (97%)]      Loss: 0.080476
Train Epoch: 1 [58240/60000 (97%)]      Loss: 0.094438
Train Epoch: 1 [58560/60000 (98%)]      Loss: 0.034174
Train Epoch: 1 [58880/60000 (98%)]      Loss: 0.273931
Train Epoch: 1 [59200/60000 (99%)]      Loss: 0.040257
Train Epoch: 1 [59520/60000 (99%)]      Loss: 0.031346
Train Epoch: 1 [59840/60000 (100%)]     Loss: 0.083151

Test set: Average loss: 0.0722, Accuracy: 9750/10000 (98%)

Train Epoch: 2 [0/60000 (0%)]   Loss: 0.017571
Train Epoch: 2 [320/60000 (1%)] Loss: 0.204295
Train Epoch: 2 [640/60000 (1%)] Loss: 0.004660
Train Epoch: 2 [960/60000 (2%)] Loss: 0.020189
Train Epoch: 2 [1280/60000 (2%)]        Loss: 0.115551
Train Epoch: 2 [1600/60000 (3%)]        Loss: 0.113189
Train Epoch: 2 [1920/60000 (3%)]        Loss: 0.033506
Train Epoch: 2 [2240/60000 (4%)]        Loss: 0.109135
Train Epoch: 2 [2560/60000 (4%)]        Loss: 0.046259
Train Epoch: 2 [2880/60000 (5%)]        Loss: 0.127316
Train Epoch: 2 [3200/60000 (5%)]        Loss: 0.008053
Train Epoch: 2 [3520/60000 (6%)]        Loss: 0.285361
Train Epoch: 2 [3840/60000 (6%)]        Loss: 0.036505
Train Epoch: 2 [4160/60000 (7%)]        Loss: 0.023407
Train Epoch: 2 [4480/60000 (7%)]        Loss: 0.098590
Train Epoch: 2 [4800/60000 (8%)]        Loss: 0.064981
Train Epoch: 2 [5120/60000 (9%)]        Loss: 0.134516
Train Epoch: 2 [5440/60000 (9%)]        Loss: 0.091215
Train Epoch: 2 [5760/60000 (10%)]       Loss: 0.049686
Train Epoch: 2 [6080/60000 (10%)]       Loss: 0.023164
Train Epoch: 2 [6400/60000 (11%)]       Loss: 0.020552
Train Epoch: 2 [6720/60000 (11%)]       Loss: 0.037547
Train Epoch: 2 [7040/60000 (12%)]       Loss: 0.019601
Train Epoch: 2 [7360/60000 (12%)]       Loss: 0.087265
Train Epoch: 2 [7680/60000 (13%)]       Loss: 0.013700
Train Epoch: 2 [8000/60000 (13%)]       Loss: 0.279104
Train Epoch: 2 [8320/60000 (14%)]       Loss: 0.080125
Train Epoch: 2 [8640/60000 (14%)]       Loss: 0.034576
Train Epoch: 2 [8960/60000 (15%)]       Loss: 0.075221
Train Epoch: 2 [9280/60000 (15%)]       Loss: 0.058237
Train Epoch: 2 [9600/60000 (16%)]       Loss: 0.018838
Train Epoch: 2 [9920/60000 (17%)]       Loss: 0.120450
Train Epoch: 2 [10240/60000 (17%)]      Loss: 0.006006
Train Epoch: 2 [10560/60000 (18%)]      Loss: 0.034625
Train Epoch: 2 [10880/60000 (18%)]      Loss: 0.338638
Train Epoch: 2 [11200/60000 (19%)]      Loss: 0.056368
Train Epoch: 2 [11520/60000 (19%)]      Loss: 0.081557
Train Epoch: 2 [11840/60000 (20%)]      Loss: 0.251876
Train Epoch: 2 [12160/60000 (20%)]      Loss: 0.008042
Train Epoch: 2 [12480/60000 (21%)]      Loss: 0.270217
Train Epoch: 2 [12800/60000 (21%)]      Loss: 0.007253
Train Epoch: 2 [13120/60000 (22%)]      Loss: 0.034190
Train Epoch: 2 [13440/60000 (22%)]      Loss: 0.028768
Train Epoch: 2 [13760/60000 (23%)]      Loss: 0.132208
Train Epoch: 2 [14080/60000 (23%)]      Loss: 0.041209
Train Epoch: 2 [14400/60000 (24%)]      Loss: 0.085345
Train Epoch: 2 [14720/60000 (25%)]      Loss: 0.034792
Train Epoch: 2 [15040/60000 (25%)]      Loss: 0.137995
Train Epoch: 2 [15360/60000 (26%)]      Loss: 0.005164
Train Epoch: 2 [15680/60000 (26%)]      Loss: 0.051688
Train Epoch: 2 [16000/60000 (27%)]      Loss: 0.059136
Train Epoch: 2 [16320/60000 (27%)]      Loss: 0.016213
Train Epoch: 2 [16640/60000 (28%)]      Loss: 0.011534
Train Epoch: 2 [16960/60000 (28%)]      Loss: 0.027678
Train Epoch: 2 [17280/60000 (29%)]      Loss: 0.003120
Train Epoch: 2 [17600/60000 (29%)]      Loss: 0.199806
Train Epoch: 2 [17920/60000 (30%)]      Loss: 0.033893
Train Epoch: 2 [18240/60000 (30%)]      Loss: 0.021029
Train Epoch: 2 [18560/60000 (31%)]      Loss: 0.085309
Train Epoch: 2 [18880/60000 (31%)]      Loss: 0.029415
Train Epoch: 2 [19200/60000 (32%)]      Loss: 0.044260
Train Epoch: 2 [19520/60000 (33%)]      Loss: 0.084499
Train Epoch: 2 [19840/60000 (33%)]      Loss: 0.022031
Train Epoch: 2 [20160/60000 (34%)]      Loss: 0.050815
Train Epoch: 2 [20480/60000 (34%)]      Loss: 0.012025
Train Epoch: 2 [20800/60000 (35%)]      Loss: 0.023707
Train Epoch: 2 [21120/60000 (35%)]      Loss: 0.118566
Train Epoch: 2 [21440/60000 (36%)]      Loss: 0.095095
Train Epoch: 2 [21760/60000 (36%)]      Loss: 0.116319
Train Epoch: 2 [22080/60000 (37%)]      Loss: 0.005815
Train Epoch: 2 [22400/60000 (37%)]      Loss: 0.367342
Train Epoch: 2 [22720/60000 (38%)]      Loss: 0.065304
Train Epoch: 2 [23040/60000 (38%)]      Loss: 0.058536
Train Epoch: 2 [23360/60000 (39%)]      Loss: 0.018835
Train Epoch: 2 [23680/60000 (39%)]      Loss: 0.054892
Train Epoch: 2 [24000/60000 (40%)]      Loss: 0.096592
Train Epoch: 2 [24320/60000 (41%)]      Loss: 0.017860
Train Epoch: 2 [24640/60000 (41%)]      Loss: 0.027917
Train Epoch: 2 [24960/60000 (42%)]      Loss: 0.043229
Train Epoch: 2 [25280/60000 (42%)]      Loss: 0.016740
Train Epoch: 2 [25600/60000 (43%)]      Loss: 0.126485
Train Epoch: 2 [25920/60000 (43%)]      Loss: 0.016959
Train Epoch: 2 [26240/60000 (44%)]      Loss: 0.019062
Train Epoch: 2 [26560/60000 (44%)]      Loss: 0.200250
Train Epoch: 2 [26880/60000 (45%)]      Loss: 0.022243
Train Epoch: 2 [27200/60000 (45%)]      Loss: 0.016423
Train Epoch: 2 [27520/60000 (46%)]      Loss: 0.056464
Train Epoch: 2 [27840/60000 (46%)]      Loss: 0.005545
Train Epoch: 2 [28160/60000 (47%)]      Loss: 0.073296
Train Epoch: 2 [28480/60000 (47%)]      Loss: 0.074459
Train Epoch: 2 [28800/60000 (48%)]      Loss: 0.108730
Train Epoch: 2 [29120/60000 (49%)]      Loss: 0.005768
Train Epoch: 2 [29440/60000 (49%)]      Loss: 0.362368
Train Epoch: 2 [29760/60000 (50%)]      Loss: 0.014790
Train Epoch: 2 [30080/60000 (50%)]      Loss: 0.009460
Train Epoch: 2 [30400/60000 (51%)]      Loss: 0.055142
Train Epoch: 2 [30720/60000 (51%)]      Loss: 0.183181
Train Epoch: 2 [31040/60000 (52%)]      Loss: 0.032695
Train Epoch: 2 [31360/60000 (52%)]      Loss: 0.185869
Train Epoch: 2 [31680/60000 (53%)]      Loss: 0.073803
Train Epoch: 2 [32000/60000 (53%)]      Loss: 0.039719
Train Epoch: 2 [32320/60000 (54%)]      Loss: 0.126749
Train Epoch: 2 [32640/60000 (54%)]      Loss: 0.211698
Train Epoch: 2 [32960/60000 (55%)]      Loss: 0.011951
Train Epoch: 2 [33280/60000 (55%)]      Loss: 0.072501
Train Epoch: 2 [33600/60000 (56%)]      Loss: 0.139578
Train Epoch: 2 [33920/60000 (57%)]      Loss: 0.048172
Train Epoch: 2 [34240/60000 (57%)]      Loss: 0.226471
Train Epoch: 2 [34560/60000 (58%)]      Loss: 0.228697
Train Epoch: 2 [34880/60000 (58%)]      Loss: 0.014521
Train Epoch: 2 [35200/60000 (59%)]      Loss: 0.034782
Train Epoch: 2 [35520/60000 (59%)]      Loss: 0.068042
Train Epoch: 2 [35840/60000 (60%)]      Loss: 0.246031
Train Epoch: 2 [36160/60000 (60%)]      Loss: 0.075875
Train Epoch: 2 [36480/60000 (61%)]      Loss: 0.036471
Train Epoch: 2 [36800/60000 (61%)]      Loss: 0.005762
Train Epoch: 2 [37120/60000 (62%)]      Loss: 0.031971
Train Epoch: 2 [37440/60000 (62%)]      Loss: 0.150055
Train Epoch: 2 [37760/60000 (63%)]      Loss: 0.008124
Train Epoch: 2 [38080/60000 (63%)]      Loss: 0.023597
Train Epoch: 2 [38400/60000 (64%)]      Loss: 0.013101
Train Epoch: 2 [38720/60000 (65%)]      Loss: 0.124809
Train Epoch: 2 [39040/60000 (65%)]      Loss: 0.036261
Train Epoch: 2 [39360/60000 (66%)]      Loss: 0.027641
Train Epoch: 2 [39680/60000 (66%)]      Loss: 0.162435
Train Epoch: 2 [40000/60000 (67%)]      Loss: 0.192063
Train Epoch: 2 [40320/60000 (67%)]      Loss: 0.061100
Train Epoch: 2 [40640/60000 (68%)]      Loss: 0.063294
Train Epoch: 2 [40960/60000 (68%)]      Loss: 0.023913
Train Epoch: 2 [41280/60000 (69%)]      Loss: 0.036160
Train Epoch: 2 [41600/60000 (69%)]      Loss: 0.013537
Train Epoch: 2 [41920/60000 (70%)]      Loss: 0.005866
Train Epoch: 2 [42240/60000 (70%)]      Loss: 0.011398
Train Epoch: 2 [42560/60000 (71%)]      Loss: 0.048650
Train Epoch: 2 [42880/60000 (71%)]      Loss: 0.010762
Train Epoch: 2 [43200/60000 (72%)]      Loss: 0.071081
Train Epoch: 2 [43520/60000 (73%)]      Loss: 0.018912
Train Epoch: 2 [43840/60000 (73%)]      Loss: 0.005184
Train Epoch: 2 [44160/60000 (74%)]      Loss: 0.023670
Train Epoch: 2 [44480/60000 (74%)]      Loss: 0.006184
Train Epoch: 2 [44800/60000 (75%)]      Loss: 0.007232
Train Epoch: 2 [45120/60000 (75%)]      Loss: 0.007579
Train Epoch: 2 [45440/60000 (76%)]      Loss: 0.010367
Train Epoch: 2 [45760/60000 (76%)]      Loss: 0.187088
Train Epoch: 2 [46080/60000 (77%)]      Loss: 0.152004
Train Epoch: 2 [46400/60000 (77%)]      Loss: 0.013089
Train Epoch: 2 [46720/60000 (78%)]      Loss: 0.050189
Train Epoch: 2 [47040/60000 (78%)]      Loss: 0.022937
Train Epoch: 2 [47360/60000 (79%)]      Loss: 0.161550
Train Epoch: 2 [47680/60000 (79%)]      Loss: 0.098116
Train Epoch: 2 [48000/60000 (80%)]      Loss: 0.025161
Train Epoch: 2 [48320/60000 (81%)]      Loss: 0.080627
Train Epoch: 2 [48640/60000 (81%)]      Loss: 0.008978
Train Epoch: 2 [48960/60000 (82%)]      Loss: 0.049876
Train Epoch: 2 [49280/60000 (82%)]      Loss: 0.004337
Train Epoch: 2 [49600/60000 (83%)]      Loss: 0.002055
Train Epoch: 2 [49920/60000 (83%)]      Loss: 0.102449
Train Epoch: 2 [50240/60000 (84%)]      Loss: 0.259644
Train Epoch: 2 [50560/60000 (84%)]      Loss: 0.060778
Train Epoch: 2 [50880/60000 (85%)]      Loss: 0.048669
Train Epoch: 2 [51200/60000 (85%)]      Loss: 0.012371
Train Epoch: 2 [51520/60000 (86%)]      Loss: 0.007888
Train Epoch: 2 [51840/60000 (86%)]      Loss: 0.006049
Train Epoch: 2 [52160/60000 (87%)]      Loss: 0.006114
Train Epoch: 2 [52480/60000 (87%)]      Loss: 0.027344
Train Epoch: 2 [52800/60000 (88%)]      Loss: 0.012258
Train Epoch: 2 [53120/60000 (89%)]      Loss: 0.012939
Train Epoch: 2 [53440/60000 (89%)]      Loss: 0.103115
Train Epoch: 2 [53760/60000 (90%)]      Loss: 0.202192
Train Epoch: 2 [54080/60000 (90%)]      Loss: 0.015591
Train Epoch: 2 [54400/60000 (91%)]      Loss: 0.028655
Train Epoch: 2 [54720/60000 (91%)]      Loss: 0.003726
Train Epoch: 2 [55040/60000 (92%)]      Loss: 0.057136
Train Epoch: 2 [55360/60000 (92%)]      Loss: 0.042582
Train Epoch: 2 [55680/60000 (93%)]      Loss: 0.017529
Train Epoch: 2 [56000/60000 (93%)]      Loss: 0.031156
Train Epoch: 2 [56320/60000 (94%)]      Loss: 0.053694
Train Epoch: 2 [56640/60000 (94%)]      Loss: 0.021088
Train Epoch: 2 [56960/60000 (95%)]      Loss: 0.022030
Train Epoch: 2 [57280/60000 (95%)]      Loss: 0.085190
Train Epoch: 2 [57600/60000 (96%)]      Loss: 0.027265
Train Epoch: 2 [57920/60000 (97%)]      Loss: 0.006888
Train Epoch: 2 [58240/60000 (97%)]      Loss: 0.165817
Train Epoch: 2 [58560/60000 (98%)]      Loss: 0.034553
Train Epoch: 2 [58880/60000 (98%)]      Loss: 0.028236
Train Epoch: 2 [59200/60000 (99%)]      Loss: 0.111989
Train Epoch: 2 [59520/60000 (99%)]      Loss: 0.012287
Train Epoch: 2 [59840/60000 (100%)]     Loss: 0.016365

Test set: Average loss: 0.0460, Accuracy: 9857/10000 (99%)

Train Epoch: 3 [0/60000 (0%)]   Loss: 0.043100
Train Epoch: 3 [320/60000 (1%)] Loss: 0.008273
Train Epoch: 3 [640/60000 (1%)] Loss: 0.038893
Train Epoch: 3 [960/60000 (2%)] Loss: 0.027158
Train Epoch: 3 [1280/60000 (2%)]        Loss: 0.010670
Train Epoch: 3 [1600/60000 (3%)]        Loss: 0.029153
Train Epoch: 3 [1920/60000 (3%)]        Loss: 0.070447
Train Epoch: 3 [2240/60000 (4%)]        Loss: 0.004506
Train Epoch: 3 [2560/60000 (4%)]        Loss: 0.012519
Train Epoch: 3 [2880/60000 (5%)]        Loss: 0.056877
Train Epoch: 3 [3200/60000 (5%)]        Loss: 0.115586
Train Epoch: 3 [3520/60000 (6%)]        Loss: 0.042283
Train Epoch: 3 [3840/60000 (6%)]        Loss: 0.028190
Train Epoch: 3 [4160/60000 (7%)]        Loss: 0.011267
Train Epoch: 3 [4480/60000 (7%)]        Loss: 0.046207
Train Epoch: 3 [4800/60000 (8%)]        Loss: 0.022457
Train Epoch: 3 [5120/60000 (9%)]        Loss: 0.015271
Train Epoch: 3 [5440/60000 (9%)]        Loss: 0.015946
Train Epoch: 3 [5760/60000 (10%)]       Loss: 0.002650
Train Epoch: 3 [6080/60000 (10%)]       Loss: 0.032567
Train Epoch: 3 [6400/60000 (11%)]       Loss: 0.144767
Train Epoch: 3 [6720/60000 (11%)]       Loss: 0.006199
Train Epoch: 3 [7040/60000 (12%)]       Loss: 0.006165
Train Epoch: 3 [7360/60000 (12%)]       Loss: 0.002793
Train Epoch: 3 [7680/60000 (13%)]       Loss: 0.017240
Train Epoch: 3 [8000/60000 (13%)]       Loss: 0.003933
Train Epoch: 3 [8320/60000 (14%)]       Loss: 0.007147
Train Epoch: 3 [8640/60000 (14%)]       Loss: 0.005308
Train Epoch: 3 [8960/60000 (15%)]       Loss: 0.063899
Train Epoch: 3 [9280/60000 (15%)]       Loss: 0.013895
Train Epoch: 3 [9600/60000 (16%)]       Loss: 0.026358
Train Epoch: 3 [9920/60000 (17%)]       Loss: 0.003546
Train Epoch: 3 [10240/60000 (17%)]      Loss: 0.049342
Train Epoch: 3 [10560/60000 (18%)]      Loss: 0.019128
Train Epoch: 3 [10880/60000 (18%)]      Loss: 0.021570
Train Epoch: 3 [11200/60000 (19%)]      Loss: 0.191398
Train Epoch: 3 [11520/60000 (19%)]      Loss: 0.041321
Train Epoch: 3 [11840/60000 (20%)]      Loss: 0.085924
Train Epoch: 3 [12160/60000 (20%)]      Loss: 0.010091
Train Epoch: 3 [12480/60000 (21%)]      Loss: 0.013847
Train Epoch: 3 [12800/60000 (21%)]      Loss: 0.022412
Train Epoch: 3 [13120/60000 (22%)]      Loss: 0.076854
Train Epoch: 3 [13440/60000 (22%)]      Loss: 0.052376
Train Epoch: 3 [13760/60000 (23%)]      Loss: 0.004905
Train Epoch: 3 [14080/60000 (23%)]      Loss: 0.020978
Train Epoch: 3 [14400/60000 (24%)]      Loss: 0.218071
Train Epoch: 3 [14720/60000 (25%)]      Loss: 0.008842
Train Epoch: 3 [15040/60000 (25%)]      Loss: 0.023596
Train Epoch: 3 [15360/60000 (26%)]      Loss: 0.024969
Train Epoch: 3 [15680/60000 (26%)]      Loss: 0.049364
Train Epoch: 3 [16000/60000 (27%)]      Loss: 0.052023
Train Epoch: 3 [16320/60000 (27%)]      Loss: 0.022114
Train Epoch: 3 [16640/60000 (28%)]      Loss: 0.041683
Train Epoch: 3 [16960/60000 (28%)]      Loss: 0.038567
Train Epoch: 3 [17280/60000 (29%)]      Loss: 0.056694
Train Epoch: 3 [17600/60000 (29%)]      Loss: 0.135373
Train Epoch: 3 [17920/60000 (30%)]      Loss: 0.035763
Train Epoch: 3 [18240/60000 (30%)]      Loss: 0.303984
Train Epoch: 3 [18560/60000 (31%)]      Loss: 0.016861
Train Epoch: 3 [18880/60000 (31%)]      Loss: 0.005476
Train Epoch: 3 [19200/60000 (32%)]      Loss: 0.070494
Train Epoch: 3 [19520/60000 (33%)]      Loss: 0.021756
Train Epoch: 3 [19840/60000 (33%)]      Loss: 0.044817
Train Epoch: 3 [20160/60000 (34%)]      Loss: 0.007951
Train Epoch: 3 [20480/60000 (34%)]      Loss: 0.105606
Train Epoch: 3 [20800/60000 (35%)]      Loss: 0.020338
Train Epoch: 3 [21120/60000 (35%)]      Loss: 0.019188
Train Epoch: 3 [21440/60000 (36%)]      Loss: 0.000943
Train Epoch: 3 [21760/60000 (36%)]      Loss: 0.013033
Train Epoch: 3 [22080/60000 (37%)]      Loss: 0.020034
Train Epoch: 3 [22400/60000 (37%)]      Loss: 0.066895
Train Epoch: 3 [22720/60000 (38%)]      Loss: 0.037394
Train Epoch: 3 [23040/60000 (38%)]      Loss: 0.321236
Train Epoch: 3 [23360/60000 (39%)]      Loss: 0.010094
Train Epoch: 3 [23680/60000 (39%)]      Loss: 0.012118
Train Epoch: 3 [24000/60000 (40%)]      Loss: 0.015827
Train Epoch: 3 [24320/60000 (41%)]      Loss: 0.025964
Train Epoch: 3 [24640/60000 (41%)]      Loss: 0.045301
Train Epoch: 3 [24960/60000 (42%)]      Loss: 0.010959
Train Epoch: 3 [25280/60000 (42%)]      Loss: 0.007868
Train Epoch: 3 [25600/60000 (43%)]      Loss: 0.009822
Train Epoch: 3 [25920/60000 (43%)]      Loss: 0.176592
Train Epoch: 3 [26240/60000 (44%)]      Loss: 0.036647
Train Epoch: 3 [26560/60000 (44%)]      Loss: 0.038390
Train Epoch: 3 [26880/60000 (45%)]      Loss: 0.003044
Train Epoch: 3 [27200/60000 (45%)]      Loss: 0.006989
Train Epoch: 3 [27520/60000 (46%)]      Loss: 0.035354
Train Epoch: 3 [27840/60000 (46%)]      Loss: 0.008226
Train Epoch: 3 [28160/60000 (47%)]      Loss: 0.078225
Train Epoch: 3 [28480/60000 (47%)]      Loss: 0.027364
Train Epoch: 3 [28800/60000 (48%)]      Loss: 0.025230
Train Epoch: 3 [29120/60000 (49%)]      Loss: 0.134688
Train Epoch: 3 [29440/60000 (49%)]      Loss: 0.007649
Train Epoch: 3 [29760/60000 (50%)]      Loss: 0.055222
Train Epoch: 3 [30080/60000 (50%)]      Loss: 0.066546
Train Epoch: 3 [30400/60000 (51%)]      Loss: 0.007584
Train Epoch: 3 [30720/60000 (51%)]      Loss: 0.012984
Train Epoch: 3 [31040/60000 (52%)]      Loss: 0.020598
Train Epoch: 3 [31360/60000 (52%)]      Loss: 0.073853
Train Epoch: 3 [31680/60000 (53%)]      Loss: 0.062106
Train Epoch: 3 [32000/60000 (53%)]      Loss: 0.023867
Train Epoch: 3 [32320/60000 (54%)]      Loss: 0.176074
Train Epoch: 3 [32640/60000 (54%)]      Loss: 0.010650
Train Epoch: 3 [32960/60000 (55%)]      Loss: 0.013593
Train Epoch: 3 [33280/60000 (55%)]      Loss: 0.011576
Train Epoch: 3 [33600/60000 (56%)]      Loss: 0.024324
Train Epoch: 3 [33920/60000 (57%)]      Loss: 0.017067
Train Epoch: 3 [34240/60000 (57%)]      Loss: 0.005719
Train Epoch: 3 [34560/60000 (58%)]      Loss: 0.047710
Train Epoch: 3 [34880/60000 (58%)]      Loss: 0.014701
Train Epoch: 3 [35200/60000 (59%)]      Loss: 0.073092
Train Epoch: 3 [35520/60000 (59%)]      Loss: 0.008751
Train Epoch: 3 [35840/60000 (60%)]      Loss: 0.069595
Train Epoch: 3 [36160/60000 (60%)]      Loss: 0.026122
Train Epoch: 3 [36480/60000 (61%)]      Loss: 0.010841
Train Epoch: 3 [36800/60000 (61%)]      Loss: 0.037877
Train Epoch: 3 [37120/60000 (62%)]      Loss: 0.000572
Train Epoch: 3 [37440/60000 (62%)]      Loss: 0.188779
Train Epoch: 3 [37760/60000 (63%)]      Loss: 0.028346
Train Epoch: 3 [38080/60000 (63%)]      Loss: 0.023362
Train Epoch: 3 [38400/60000 (64%)]      Loss: 0.040735
Train Epoch: 3 [38720/60000 (65%)]      Loss: 0.069113
Train Epoch: 3 [39040/60000 (65%)]      Loss: 0.005434
Train Epoch: 3 [39360/60000 (66%)]      Loss: 0.004414
Train Epoch: 3 [39680/60000 (66%)]      Loss: 0.079370
Train Epoch: 3 [40000/60000 (67%)]      Loss: 0.096277
Train Epoch: 3 [40320/60000 (67%)]      Loss: 0.030888
Train Epoch: 3 [40640/60000 (68%)]      Loss: 0.030043
Train Epoch: 3 [40960/60000 (68%)]      Loss: 0.002837
Train Epoch: 3 [41280/60000 (69%)]      Loss: 0.236042
Train Epoch: 3 [41600/60000 (69%)]      Loss: 0.053707
Train Epoch: 3 [41920/60000 (70%)]      Loss: 0.006862
Train Epoch: 3 [42240/60000 (70%)]      Loss: 0.006710
Train Epoch: 3 [42560/60000 (71%)]      Loss: 0.067205
Train Epoch: 3 [42880/60000 (71%)]      Loss: 0.000807
Train Epoch: 3 [43200/60000 (72%)]      Loss: 0.117309
Train Epoch: 3 [43520/60000 (73%)]      Loss: 0.027458
Train Epoch: 3 [43840/60000 (73%)]      Loss: 0.016856
Train Epoch: 3 [44160/60000 (74%)]      Loss: 0.043004
Train Epoch: 3 [44480/60000 (74%)]      Loss: 0.014682
Train Epoch: 3 [44800/60000 (75%)]      Loss: 0.075025
Train Epoch: 3 [45120/60000 (75%)]      Loss: 0.035406
Train Epoch: 3 [45440/60000 (76%)]      Loss: 0.117299
Train Epoch: 3 [45760/60000 (76%)]      Loss: 0.199330
Train Epoch: 3 [46080/60000 (77%)]      Loss: 0.017712
Train Epoch: 3 [46400/60000 (77%)]      Loss: 0.096232
Train Epoch: 3 [46720/60000 (78%)]      Loss: 0.010710
Train Epoch: 3 [47040/60000 (78%)]      Loss: 0.044596
Train Epoch: 3 [47360/60000 (79%)]      Loss: 0.210345
Train Epoch: 3 [47680/60000 (79%)]      Loss: 0.002246
Train Epoch: 3 [48000/60000 (80%)]      Loss: 0.011140
Train Epoch: 3 [48320/60000 (81%)]      Loss: 0.050973
Train Epoch: 3 [48640/60000 (81%)]      Loss: 0.011940
Train Epoch: 3 [48960/60000 (82%)]      Loss: 0.067204
Train Epoch: 3 [49280/60000 (82%)]      Loss: 0.038994
Train Epoch: 3 [49600/60000 (83%)]      Loss: 0.028104
Train Epoch: 3 [49920/60000 (83%)]      Loss: 0.276350
Train Epoch: 3 [50240/60000 (84%)]      Loss: 0.011051
Train Epoch: 3 [50560/60000 (84%)]      Loss: 0.003952
Train Epoch: 3 [50880/60000 (85%)]      Loss: 0.026415
Train Epoch: 3 [51200/60000 (85%)]      Loss: 0.003011
Train Epoch: 3 [51520/60000 (86%)]      Loss: 0.003915
Train Epoch: 3 [51840/60000 (86%)]      Loss: 0.102712
Train Epoch: 3 [52160/60000 (87%)]      Loss: 0.011065
Train Epoch: 3 [52480/60000 (87%)]      Loss: 0.021285
Train Epoch: 3 [52800/60000 (88%)]      Loss: 0.130749
Train Epoch: 3 [53120/60000 (89%)]      Loss: 0.008601
Train Epoch: 3 [53440/60000 (89%)]      Loss: 0.010465
Train Epoch: 3 [53760/60000 (90%)]      Loss: 0.037116
Train Epoch: 3 [54080/60000 (90%)]      Loss: 0.023433
Train Epoch: 3 [54400/60000 (91%)]      Loss: 0.018408
Train Epoch: 3 [54720/60000 (91%)]      Loss: 0.044104
Train Epoch: 3 [55040/60000 (92%)]      Loss: 0.010668
Train Epoch: 3 [55360/60000 (92%)]      Loss: 0.000771
Train Epoch: 3 [55680/60000 (93%)]      Loss: 0.003347
Train Epoch: 3 [56000/60000 (93%)]      Loss: 0.026213
Train Epoch: 3 [56320/60000 (94%)]      Loss: 0.029508
Train Epoch: 3 [56640/60000 (94%)]      Loss: 0.006268
Train Epoch: 3 [56960/60000 (95%)]      Loss: 0.003580
Train Epoch: 3 [57280/60000 (95%)]      Loss: 0.001110
Train Epoch: 3 [57600/60000 (96%)]      Loss: 0.010962
Train Epoch: 3 [57920/60000 (97%)]      Loss: 0.005541
Train Epoch: 3 [58240/60000 (97%)]      Loss: 0.027636
Train Epoch: 3 [58560/60000 (98%)]      Loss: 0.000885
Train Epoch: 3 [58880/60000 (98%)]      Loss: 0.007249
Train Epoch: 3 [59200/60000 (99%)]      Loss: 0.060488
Train Epoch: 3 [59520/60000 (99%)]      Loss: 0.032701
Train Epoch: 3 [59840/60000 (100%)]     Loss: 0.088332

Test set: Average loss: 0.0348, Accuracy: 9878/10000 (99%)

Train Epoch: 4 [0/60000 (0%)]   Loss: 0.003625
Train Epoch: 4 [320/60000 (1%)] Loss: 0.091881
Train Epoch: 4 [640/60000 (1%)] Loss: 0.004746
Train Epoch: 4 [960/60000 (2%)] Loss: 0.028050
Train Epoch: 4 [1280/60000 (2%)]        Loss: 0.017502
Train Epoch: 4 [1600/60000 (3%)]        Loss: 0.004225
Train Epoch: 4 [1920/60000 (3%)]        Loss: 0.007504
Train Epoch: 4 [2240/60000 (4%)]        Loss: 0.002983
Train Epoch: 4 [2560/60000 (4%)]        Loss: 0.020459
Train Epoch: 4 [2880/60000 (5%)]        Loss: 0.035392
Train Epoch: 4 [3200/60000 (5%)]        Loss: 0.019951
Train Epoch: 4 [3520/60000 (6%)]        Loss: 0.036003
Train Epoch: 4 [3840/60000 (6%)]        Loss: 0.007378
Train Epoch: 4 [4160/60000 (7%)]        Loss: 0.038799
Train Epoch: 4 [4480/60000 (7%)]        Loss: 0.089720
Train Epoch: 4 [4800/60000 (8%)]        Loss: 0.029569
Train Epoch: 4 [5120/60000 (9%)]        Loss: 0.012523
Train Epoch: 4 [5440/60000 (9%)]        Loss: 0.038187
Train Epoch: 4 [5760/60000 (10%)]       Loss: 0.025908
Train Epoch: 4 [6080/60000 (10%)]       Loss: 0.031893
Train Epoch: 4 [6400/60000 (11%)]       Loss: 0.003554
Train Epoch: 4 [6720/60000 (11%)]       Loss: 0.030272
Train Epoch: 4 [7040/60000 (12%)]       Loss: 0.009978
Train Epoch: 4 [7360/60000 (12%)]       Loss: 0.016780
Train Epoch: 4 [7680/60000 (13%)]       Loss: 0.012333
Train Epoch: 4 [8000/60000 (13%)]       Loss: 0.002012
Train Epoch: 4 [8320/60000 (14%)]       Loss: 0.002761
Train Epoch: 4 [8640/60000 (14%)]       Loss: 0.030364
Train Epoch: 4 [8960/60000 (15%)]       Loss: 0.008840
Train Epoch: 4 [9280/60000 (15%)]       Loss: 0.041420
Train Epoch: 4 [9600/60000 (16%)]       Loss: 0.013711
Train Epoch: 4 [9920/60000 (17%)]       Loss: 0.003898
Train Epoch: 4 [10240/60000 (17%)]      Loss: 0.035921
Train Epoch: 4 [10560/60000 (18%)]      Loss: 0.004453
Train Epoch: 4 [10880/60000 (18%)]      Loss: 0.012174
Train Epoch: 4 [11200/60000 (19%)]      Loss: 0.003038
Train Epoch: 4 [11520/60000 (19%)]      Loss: 0.022687
Train Epoch: 4 [11840/60000 (20%)]      Loss: 0.006777
Train Epoch: 4 [12160/60000 (20%)]      Loss: 0.086503
Train Epoch: 4 [12480/60000 (21%)]      Loss: 0.039437
Train Epoch: 4 [12800/60000 (21%)]      Loss: 0.013865
Train Epoch: 4 [13120/60000 (22%)]      Loss: 0.004401
Train Epoch: 4 [13440/60000 (22%)]      Loss: 0.002339
Train Epoch: 4 [13760/60000 (23%)]      Loss: 0.031649
Train Epoch: 4 [14080/60000 (23%)]      Loss: 0.002502
Train Epoch: 4 [14400/60000 (24%)]      Loss: 0.061135
Train Epoch: 4 [14720/60000 (25%)]      Loss: 0.025554
Train Epoch: 4 [15040/60000 (25%)]      Loss: 0.044088
Train Epoch: 4 [15360/60000 (26%)]      Loss: 0.010689
Train Epoch: 4 [15680/60000 (26%)]      Loss: 0.056333
Train Epoch: 4 [16000/60000 (27%)]      Loss: 0.087024
Train Epoch: 4 [16320/60000 (27%)]      Loss: 0.005735
Train Epoch: 4 [16640/60000 (28%)]      Loss: 0.094269
Train Epoch: 4 [16960/60000 (28%)]      Loss: 0.017203
Train Epoch: 4 [17280/60000 (29%)]      Loss: 0.022960
Train Epoch: 4 [17600/60000 (29%)]      Loss: 0.045868
Train Epoch: 4 [17920/60000 (30%)]      Loss: 0.008138
Train Epoch: 4 [18240/60000 (30%)]      Loss: 0.101015
Train Epoch: 4 [18560/60000 (31%)]      Loss: 0.005777
Train Epoch: 4 [18880/60000 (31%)]      Loss: 0.009979
Train Epoch: 4 [19200/60000 (32%)]      Loss: 0.005320
Train Epoch: 4 [19520/60000 (33%)]      Loss: 0.001246
Train Epoch: 4 [19840/60000 (33%)]      Loss: 0.003787
Train Epoch: 4 [20160/60000 (34%)]      Loss: 0.045783
Train Epoch: 4 [20480/60000 (34%)]      Loss: 0.046263
Train Epoch: 4 [20800/60000 (35%)]      Loss: 0.028052
Train Epoch: 4 [21120/60000 (35%)]      Loss: 0.017973
Train Epoch: 4 [21440/60000 (36%)]      Loss: 0.014251
Train Epoch: 4 [21760/60000 (36%)]      Loss: 0.019828
Train Epoch: 4 [22080/60000 (37%)]      Loss: 0.013443
Train Epoch: 4 [22400/60000 (37%)]      Loss: 0.003436
Train Epoch: 4 [22720/60000 (38%)]      Loss: 0.050402
Train Epoch: 4 [23040/60000 (38%)]      Loss: 0.024694
Train Epoch: 4 [23360/60000 (39%)]      Loss: 0.186566
Train Epoch: 4 [23680/60000 (39%)]      Loss: 0.004352
Train Epoch: 4 [24000/60000 (40%)]      Loss: 0.004460
Train Epoch: 4 [24320/60000 (41%)]      Loss: 0.002357
Train Epoch: 4 [24640/60000 (41%)]      Loss: 0.009838
Train Epoch: 4 [24960/60000 (42%)]      Loss: 0.002079
Train Epoch: 4 [25280/60000 (42%)]      Loss: 0.020400
Train Epoch: 4 [25600/60000 (43%)]      Loss: 0.026122
Train Epoch: 4 [25920/60000 (43%)]      Loss: 0.051518
Train Epoch: 4 [26240/60000 (44%)]      Loss: 0.030463
Train Epoch: 4 [26560/60000 (44%)]      Loss: 0.102309
Train Epoch: 4 [26880/60000 (45%)]      Loss: 0.029146
Train Epoch: 4 [27200/60000 (45%)]      Loss: 0.260680
Train Epoch: 4 [27520/60000 (46%)]      Loss: 0.010054
Train Epoch: 4 [27840/60000 (46%)]      Loss: 0.006980
Train Epoch: 4 [28160/60000 (47%)]      Loss: 0.009082
Train Epoch: 4 [28480/60000 (47%)]      Loss: 0.031449
Train Epoch: 4 [28800/60000 (48%)]      Loss: 0.004521
Train Epoch: 4 [29120/60000 (49%)]      Loss: 0.020204
Train Epoch: 4 [29440/60000 (49%)]      Loss: 0.003658
Train Epoch: 4 [29760/60000 (50%)]      Loss: 0.041263
Train Epoch: 4 [30080/60000 (50%)]      Loss: 0.023628
Train Epoch: 4 [30400/60000 (51%)]      Loss: 0.262378
Train Epoch: 4 [30720/60000 (51%)]      Loss: 0.035111
Train Epoch: 4 [31040/60000 (52%)]      Loss: 0.068699
Train Epoch: 4 [31360/60000 (52%)]      Loss: 0.031711
Train Epoch: 4 [31680/60000 (53%)]      Loss: 0.022609
Train Epoch: 4 [32000/60000 (53%)]      Loss: 0.009469
Train Epoch: 4 [32320/60000 (54%)]      Loss: 0.008925
Train Epoch: 4 [32640/60000 (54%)]      Loss: 0.002337
Train Epoch: 4 [32960/60000 (55%)]      Loss: 0.010165
Train Epoch: 4 [33280/60000 (55%)]      Loss: 0.129981
Train Epoch: 4 [33600/60000 (56%)]      Loss: 0.002870
Train Epoch: 4 [33920/60000 (57%)]      Loss: 0.066038
Train Epoch: 4 [34240/60000 (57%)]      Loss: 0.007180
Train Epoch: 4 [34560/60000 (58%)]      Loss: 0.013283
Train Epoch: 4 [34880/60000 (58%)]      Loss: 0.019917
Train Epoch: 4 [35200/60000 (59%)]      Loss: 0.114930
Train Epoch: 4 [35520/60000 (59%)]      Loss: 0.015560
Train Epoch: 4 [35840/60000 (60%)]      Loss: 0.006618
Train Epoch: 4 [36160/60000 (60%)]      Loss: 0.073253
Train Epoch: 4 [36480/60000 (61%)]      Loss: 0.058939
Train Epoch: 4 [36800/60000 (61%)]      Loss: 0.017910
Train Epoch: 4 [37120/60000 (62%)]      Loss: 0.002459
Train Epoch: 4 [37440/60000 (62%)]      Loss: 0.021192
Train Epoch: 4 [37760/60000 (63%)]      Loss: 0.001563
Train Epoch: 4 [38080/60000 (63%)]      Loss: 0.029329
Train Epoch: 4 [38400/60000 (64%)]      Loss: 0.003284
Train Epoch: 4 [38720/60000 (65%)]      Loss: 0.097393
Train Epoch: 4 [39040/60000 (65%)]      Loss: 0.002828
Train Epoch: 4 [39360/60000 (66%)]      Loss: 0.046899
Train Epoch: 4 [39680/60000 (66%)]      Loss: 0.003725
Train Epoch: 4 [40000/60000 (67%)]      Loss: 0.001235
Train Epoch: 4 [40320/60000 (67%)]      Loss: 0.014657
Train Epoch: 4 [40640/60000 (68%)]      Loss: 0.009730
Train Epoch: 4 [40960/60000 (68%)]      Loss: 0.011981
Train Epoch: 4 [41280/60000 (69%)]      Loss: 0.006571
Train Epoch: 4 [41600/60000 (69%)]      Loss: 0.008330
Train Epoch: 4 [41920/60000 (70%)]      Loss: 0.005115
Train Epoch: 4 [42240/60000 (70%)]      Loss: 0.001699
Train Epoch: 4 [42560/60000 (71%)]      Loss: 0.019786
Train Epoch: 4 [42880/60000 (71%)]      Loss: 0.003361
Train Epoch: 4 [43200/60000 (72%)]      Loss: 0.003193
Train Epoch: 4 [43520/60000 (73%)]      Loss: 0.005852
Train Epoch: 4 [43840/60000 (73%)]      Loss: 0.071895
Train Epoch: 4 [44160/60000 (74%)]      Loss: 0.006888
Train Epoch: 4 [44480/60000 (74%)]      Loss: 0.139036
Train Epoch: 4 [44800/60000 (75%)]      Loss: 0.009862
Train Epoch: 4 [45120/60000 (75%)]      Loss: 0.137682
Train Epoch: 4 [45440/60000 (76%)]      Loss: 0.008421
Train Epoch: 4 [45760/60000 (76%)]      Loss: 0.004454
Train Epoch: 4 [46080/60000 (77%)]      Loss: 0.038192
Train Epoch: 4 [46400/60000 (77%)]      Loss: 0.012729
Train Epoch: 4 [46720/60000 (78%)]      Loss: 0.010294
Train Epoch: 4 [47040/60000 (78%)]      Loss: 0.120407
Train Epoch: 4 [47360/60000 (79%)]      Loss: 0.047775
Train Epoch: 4 [47680/60000 (79%)]      Loss: 0.163801
Train Epoch: 4 [48000/60000 (80%)]      Loss: 0.025572
Train Epoch: 4 [48320/60000 (81%)]      Loss: 0.048572
Train Epoch: 4 [48640/60000 (81%)]      Loss: 0.005900
Train Epoch: 4 [48960/60000 (82%)]      Loss: 0.028550
Train Epoch: 4 [49280/60000 (82%)]      Loss: 0.037516
Train Epoch: 4 [49600/60000 (83%)]      Loss: 0.007610
Train Epoch: 4 [49920/60000 (83%)]      Loss: 0.008034
Train Epoch: 4 [50240/60000 (84%)]      Loss: 0.004518
Train Epoch: 4 [50560/60000 (84%)]      Loss: 0.008353
Train Epoch: 4 [50880/60000 (85%)]      Loss: 0.034060
Train Epoch: 4 [51200/60000 (85%)]      Loss: 0.008482
Train Epoch: 4 [51520/60000 (86%)]      Loss: 0.002699
Train Epoch: 4 [51840/60000 (86%)]      Loss: 0.007040
Train Epoch: 4 [52160/60000 (87%)]      Loss: 0.013118
Train Epoch: 4 [52480/60000 (87%)]      Loss: 0.003566
Train Epoch: 4 [52800/60000 (88%)]      Loss: 0.007751
Train Epoch: 4 [53120/60000 (89%)]      Loss: 0.016766
Train Epoch: 4 [53440/60000 (89%)]      Loss: 0.011881
Train Epoch: 4 [53760/60000 (90%)]      Loss: 0.003799
Train Epoch: 4 [54080/60000 (90%)]      Loss: 0.116496
Train Epoch: 4 [54400/60000 (91%)]      Loss: 0.006274
Train Epoch: 4 [54720/60000 (91%)]      Loss: 0.006724
Train Epoch: 4 [55040/60000 (92%)]      Loss: 0.153505
Train Epoch: 4 [55360/60000 (92%)]      Loss: 0.027907
Train Epoch: 4 [55680/60000 (93%)]      Loss: 0.007405
Train Epoch: 4 [56000/60000 (93%)]      Loss: 0.004389
Train Epoch: 4 [56320/60000 (94%)]      Loss: 0.008585
Train Epoch: 4 [56640/60000 (94%)]      Loss: 0.038696
Train Epoch: 4 [56960/60000 (95%)]      Loss: 0.084254
Train Epoch: 4 [57280/60000 (95%)]      Loss: 0.009723
Train Epoch: 4 [57600/60000 (96%)]      Loss: 0.000966
Train Epoch: 4 [57920/60000 (97%)]      Loss: 0.006111
Train Epoch: 4 [58240/60000 (97%)]      Loss: 0.109374
Train Epoch: 4 [58560/60000 (98%)]      Loss: 0.075375
Train Epoch: 4 [58880/60000 (98%)]      Loss: 0.037814
Train Epoch: 4 [59200/60000 (99%)]      Loss: 0.023448
Train Epoch: 4 [59520/60000 (99%)]      Loss: 0.006305
Train Epoch: 4 [59840/60000 (100%)]     Loss: 0.002835

Test set: Average loss: 0.0339, Accuracy: 9890/10000 (99%)

Train Epoch: 5 [0/60000 (0%)]   Loss: 0.006873
Train Epoch: 5 [320/60000 (1%)] Loss: 0.035813
Train Epoch: 5 [640/60000 (1%)] Loss: 0.003690
Train Epoch: 5 [960/60000 (2%)] Loss: 0.183839
Train Epoch: 5 [1280/60000 (2%)]        Loss: 0.003809
Train Epoch: 5 [1600/60000 (3%)]        Loss: 0.002315
Train Epoch: 5 [1920/60000 (3%)]        Loss: 0.004797
Train Epoch: 5 [2240/60000 (4%)]        Loss: 0.021692
Train Epoch: 5 [2560/60000 (4%)]        Loss: 0.026667
Train Epoch: 5 [2880/60000 (5%)]        Loss: 0.018011
Train Epoch: 5 [3200/60000 (5%)]        Loss: 0.002422
Train Epoch: 5 [3520/60000 (6%)]        Loss: 0.003293
Train Epoch: 5 [3840/60000 (6%)]        Loss: 0.004069
Train Epoch: 5 [4160/60000 (7%)]        Loss: 0.001833
Train Epoch: 5 [4480/60000 (7%)]        Loss: 0.006837
Train Epoch: 5 [4800/60000 (8%)]        Loss: 0.022954
Train Epoch: 5 [5120/60000 (9%)]        Loss: 0.240865
Train Epoch: 5 [5440/60000 (9%)]        Loss: 0.068180
Train Epoch: 5 [5760/60000 (10%)]       Loss: 0.001263
Train Epoch: 5 [6080/60000 (10%)]       Loss: 0.007791
Train Epoch: 5 [6400/60000 (11%)]       Loss: 0.026663
Train Epoch: 5 [6720/60000 (11%)]       Loss: 0.030718
Train Epoch: 5 [7040/60000 (12%)]       Loss: 0.032171
Train Epoch: 5 [7360/60000 (12%)]       Loss: 0.001360
Train Epoch: 5 [7680/60000 (13%)]       Loss: 0.016991
Train Epoch: 5 [8000/60000 (13%)]       Loss: 0.002137
Train Epoch: 5 [8320/60000 (14%)]       Loss: 0.010740
Train Epoch: 5 [8640/60000 (14%)]       Loss: 0.004454
Train Epoch: 5 [8960/60000 (15%)]       Loss: 0.019883
Train Epoch: 5 [9280/60000 (15%)]       Loss: 0.011074
Train Epoch: 5 [9600/60000 (16%)]       Loss: 0.002169
Train Epoch: 5 [9920/60000 (17%)]       Loss: 0.003198
Train Epoch: 5 [10240/60000 (17%)]      Loss: 0.005417
Train Epoch: 5 [10560/60000 (18%)]      Loss: 0.003634
Train Epoch: 5 [10880/60000 (18%)]      Loss: 0.016131
Train Epoch: 5 [11200/60000 (19%)]      Loss: 0.002650
Train Epoch: 5 [11520/60000 (19%)]      Loss: 0.002919
Train Epoch: 5 [11840/60000 (20%)]      Loss: 0.012247
Train Epoch: 5 [12160/60000 (20%)]      Loss: 0.014508
Train Epoch: 5 [12480/60000 (21%)]      Loss: 0.015764
Train Epoch: 5 [12800/60000 (21%)]      Loss: 0.081906
Train Epoch: 5 [13120/60000 (22%)]      Loss: 0.005937
Train Epoch: 5 [13440/60000 (22%)]      Loss: 0.033128
Train Epoch: 5 [13760/60000 (23%)]      Loss: 0.037300
Train Epoch: 5 [14080/60000 (23%)]      Loss: 0.010463
Train Epoch: 5 [14400/60000 (24%)]      Loss: 0.021387
Train Epoch: 5 [14720/60000 (25%)]      Loss: 0.008839
Train Epoch: 5 [15040/60000 (25%)]      Loss: 0.015963
Train Epoch: 5 [15360/60000 (26%)]      Loss: 0.003142
Train Epoch: 5 [15680/60000 (26%)]      Loss: 0.002639
Train Epoch: 5 [16000/60000 (27%)]      Loss: 0.038867
Train Epoch: 5 [16320/60000 (27%)]      Loss: 0.039001
Train Epoch: 5 [16640/60000 (28%)]      Loss: 0.004985
Train Epoch: 5 [16960/60000 (28%)]      Loss: 0.107324
Train Epoch: 5 [17280/60000 (29%)]      Loss: 0.011338
Train Epoch: 5 [17600/60000 (29%)]      Loss: 0.006254
Train Epoch: 5 [17920/60000 (30%)]      Loss: 0.006333
Train Epoch: 5 [18240/60000 (30%)]      Loss: 0.009237
Train Epoch: 5 [18560/60000 (31%)]      Loss: 0.002373
Train Epoch: 5 [18880/60000 (31%)]      Loss: 0.001263
Train Epoch: 5 [19200/60000 (32%)]      Loss: 0.041261
Train Epoch: 5 [19520/60000 (33%)]      Loss: 0.008869
Train Epoch: 5 [19840/60000 (33%)]      Loss: 0.047166
Train Epoch: 5 [20160/60000 (34%)]      Loss: 0.001428
Train Epoch: 5 [20480/60000 (34%)]      Loss: 0.003978
Train Epoch: 5 [20800/60000 (35%)]      Loss: 0.108595
Train Epoch: 5 [21120/60000 (35%)]      Loss: 0.001010
Train Epoch: 5 [21440/60000 (36%)]      Loss: 0.004629
Train Epoch: 5 [21760/60000 (36%)]      Loss: 0.009720
Train Epoch: 5 [22080/60000 (37%)]      Loss: 0.003123
Train Epoch: 5 [22400/60000 (37%)]      Loss: 0.001484
Train Epoch: 5 [22720/60000 (38%)]      Loss: 0.070722
Train Epoch: 5 [23040/60000 (38%)]      Loss: 0.057210
Train Epoch: 5 [23360/60000 (39%)]      Loss: 0.009800
Train Epoch: 5 [23680/60000 (39%)]      Loss: 0.004461
Train Epoch: 5 [24000/60000 (40%)]      Loss: 0.000664
Train Epoch: 5 [24320/60000 (41%)]      Loss: 0.001083
Train Epoch: 5 [24640/60000 (41%)]      Loss: 0.004142
Train Epoch: 5 [24960/60000 (42%)]      Loss: 0.021976
Train Epoch: 5 [25280/60000 (42%)]      Loss: 0.114560
Train Epoch: 5 [25600/60000 (43%)]      Loss: 0.018185
Train Epoch: 5 [25920/60000 (43%)]      Loss: 0.108384
Train Epoch: 5 [26240/60000 (44%)]      Loss: 0.192614
Train Epoch: 5 [26560/60000 (44%)]      Loss: 0.000998
Train Epoch: 5 [26880/60000 (45%)]      Loss: 0.001147
Train Epoch: 5 [27200/60000 (45%)]      Loss: 0.008267
Train Epoch: 5 [27520/60000 (46%)]      Loss: 0.038507
Train Epoch: 5 [27840/60000 (46%)]      Loss: 0.000334
Train Epoch: 5 [28160/60000 (47%)]      Loss: 0.065460
Train Epoch: 5 [28480/60000 (47%)]      Loss: 0.004102
Train Epoch: 5 [28800/60000 (48%)]      Loss: 0.002462
Train Epoch: 5 [29120/60000 (49%)]      Loss: 0.017689
Train Epoch: 5 [29440/60000 (49%)]      Loss: 0.117716
Train Epoch: 5 [29760/60000 (50%)]      Loss: 0.001479
Train Epoch: 5 [30080/60000 (50%)]      Loss: 0.058491
Train Epoch: 5 [30400/60000 (51%)]      Loss: 0.004682
Train Epoch: 5 [30720/60000 (51%)]      Loss: 0.008987
Train Epoch: 5 [31040/60000 (52%)]      Loss: 0.000578
Train Epoch: 5 [31360/60000 (52%)]      Loss: 0.012686
Train Epoch: 5 [31680/60000 (53%)]      Loss: 0.006103
Train Epoch: 5 [32000/60000 (53%)]      Loss: 0.017829
Train Epoch: 5 [32320/60000 (54%)]      Loss: 0.002464
Train Epoch: 5 [32640/60000 (54%)]      Loss: 0.002808
Train Epoch: 5 [32960/60000 (55%)]      Loss: 0.069182
Train Epoch: 5 [33280/60000 (55%)]      Loss: 0.042545
Train Epoch: 5 [33600/60000 (56%)]      Loss: 0.009272
Train Epoch: 5 [33920/60000 (57%)]      Loss: 0.013881
Train Epoch: 5 [34240/60000 (57%)]      Loss: 0.000969
Train Epoch: 5 [34560/60000 (58%)]      Loss: 0.010597
Train Epoch: 5 [34880/60000 (58%)]      Loss: 0.001346
Train Epoch: 5 [35200/60000 (59%)]      Loss: 0.010759
Train Epoch: 5 [35520/60000 (59%)]      Loss: 0.014427
Train Epoch: 5 [35840/60000 (60%)]      Loss: 0.008352
Train Epoch: 5 [36160/60000 (60%)]      Loss: 0.049054
Train Epoch: 5 [36480/60000 (61%)]      Loss: 0.039638
Train Epoch: 5 [36800/60000 (61%)]      Loss: 0.003727
Train Epoch: 5 [37120/60000 (62%)]      Loss: 0.003101
Train Epoch: 5 [37440/60000 (62%)]      Loss: 0.040812
Train Epoch: 5 [37760/60000 (63%)]      Loss: 0.135082
Train Epoch: 5 [38080/60000 (63%)]      Loss: 0.010820
Train Epoch: 5 [38400/60000 (64%)]      Loss: 0.034223
Train Epoch: 5 [38720/60000 (65%)]      Loss: 0.006599
Train Epoch: 5 [39040/60000 (65%)]      Loss: 0.011421
Train Epoch: 5 [39360/60000 (66%)]      Loss: 0.140072
Train Epoch: 5 [39680/60000 (66%)]      Loss: 0.014476
Train Epoch: 5 [40000/60000 (67%)]      Loss: 0.015070
Train Epoch: 5 [40320/60000 (67%)]      Loss: 0.135644
Train Epoch: 5 [40640/60000 (68%)]      Loss: 0.003201
Train Epoch: 5 [40960/60000 (68%)]      Loss: 0.006349
Train Epoch: 5 [41280/60000 (69%)]      Loss: 0.004062
Train Epoch: 5 [41600/60000 (69%)]      Loss: 0.005276
Train Epoch: 5 [41920/60000 (70%)]      Loss: 0.018129
Train Epoch: 5 [42240/60000 (70%)]      Loss: 0.006648
Train Epoch: 5 [42560/60000 (71%)]      Loss: 0.000673
Train Epoch: 5 [42880/60000 (71%)]      Loss: 0.001670
Train Epoch: 5 [43200/60000 (72%)]      Loss: 0.033956
Train Epoch: 5 [43520/60000 (73%)]      Loss: 0.000414
Train Epoch: 5 [43840/60000 (73%)]      Loss: 0.000501
Train Epoch: 5 [44160/60000 (74%)]      Loss: 0.000589
Train Epoch: 5 [44480/60000 (74%)]      Loss: 0.009701
Train Epoch: 5 [44800/60000 (75%)]      Loss: 0.002197
Train Epoch: 5 [45120/60000 (75%)]      Loss: 0.001112
Train Epoch: 5 [45440/60000 (76%)]      Loss: 0.001279
Train Epoch: 5 [45760/60000 (76%)]      Loss: 0.013183
Train Epoch: 5 [46080/60000 (77%)]      Loss: 0.009443
Train Epoch: 5 [46400/60000 (77%)]      Loss: 0.178038
Train Epoch: 5 [46720/60000 (78%)]      Loss: 0.008067
Train Epoch: 5 [47040/60000 (78%)]      Loss: 0.038722
Train Epoch: 5 [47360/60000 (79%)]      Loss: 0.037293
Train Epoch: 5 [47680/60000 (79%)]      Loss: 0.003599
Train Epoch: 5 [48000/60000 (80%)]      Loss: 0.015176
Train Epoch: 5 [48320/60000 (81%)]      Loss: 0.025894
Train Epoch: 5 [48640/60000 (81%)]      Loss: 0.021952
Train Epoch: 5 [48960/60000 (82%)]      Loss: 0.007084
Train Epoch: 5 [49280/60000 (82%)]      Loss: 0.003843
Train Epoch: 5 [49600/60000 (83%)]      Loss: 0.015590
Train Epoch: 5 [49920/60000 (83%)]      Loss: 0.010762
Train Epoch: 5 [50240/60000 (84%)]      Loss: 0.003740
Train Epoch: 5 [50560/60000 (84%)]      Loss: 0.008536
Train Epoch: 5 [50880/60000 (85%)]      Loss: 0.003067
Train Epoch: 5 [51200/60000 (85%)]      Loss: 0.014945
Train Epoch: 5 [51520/60000 (86%)]      Loss: 0.002659
Train Epoch: 5 [51840/60000 (86%)]      Loss: 0.000171
Train Epoch: 5 [52160/60000 (87%)]      Loss: 0.016278
Train Epoch: 5 [52480/60000 (87%)]      Loss: 0.276322
Train Epoch: 5 [52800/60000 (88%)]      Loss: 0.001847
Train Epoch: 5 [53120/60000 (89%)]      Loss: 0.006649
Train Epoch: 5 [53440/60000 (89%)]      Loss: 0.001740
Train Epoch: 5 [53760/60000 (90%)]      Loss: 0.001658
Train Epoch: 5 [54080/60000 (90%)]      Loss: 0.002793
Train Epoch: 5 [54400/60000 (91%)]      Loss: 0.007693
Train Epoch: 5 [54720/60000 (91%)]      Loss: 0.002533
Train Epoch: 5 [55040/60000 (92%)]      Loss: 0.012461
Train Epoch: 5 [55360/60000 (92%)]      Loss: 0.005329
Train Epoch: 5 [55680/60000 (93%)]      Loss: 0.002333
Train Epoch: 5 [56000/60000 (93%)]      Loss: 0.011508
Train Epoch: 5 [56320/60000 (94%)]      Loss: 0.005635
Train Epoch: 5 [56640/60000 (94%)]      Loss: 0.012967
Train Epoch: 5 [56960/60000 (95%)]      Loss: 0.000469
Train Epoch: 5 [57280/60000 (95%)]      Loss: 0.007124
Train Epoch: 5 [57600/60000 (96%)]      Loss: 0.011803
Train Epoch: 5 [57920/60000 (97%)]      Loss: 0.005727
Train Epoch: 5 [58240/60000 (97%)]      Loss: 0.007465
Train Epoch: 5 [58560/60000 (98%)]      Loss: 0.021671
Train Epoch: 5 [58880/60000 (98%)]      Loss: 0.006979
Train Epoch: 5 [59200/60000 (99%)]      Loss: 0.004063
Train Epoch: 5 [59520/60000 (99%)]      Loss: 0.005860
Train Epoch: 5 [59840/60000 (100%)]     Loss: 0.013527

Test set: Average loss: 0.0264, Accuracy: 9905/10000 (99%)